---------- Date: 2016-04-20 12:55:13 ~ IP : ::1 ----------
REQUEST URI : /opencart-2.0.3.1/upload/admin/index.php?route=module/mobsms&token=d27b771b665e88478ca5882c07d4ae60
MOD DETAILS:
   modFile   : C:\xampp\htdocs\opencart-2.0.3.1\upload\vqmod/xml/mobsms.xml
   id        : si
   version   : 1.5.1
   vqmver    : 2.X
   author    : TGM

File Name    : system/startup.php(0)
VQModObject::applyMod - SEARCH NOT FOUND (SKIPPED): require_once(DIR_SYSTEM . 'library/template.php');

File Name    : admin/model/sale/order.php(0)
VQModObject::applyMod - SEARCH NOT FOUND (SKIPPED): $language->load('mail/order');

----------------------------------------------------------------------


---------- Date: 2016-04-20 13:15:18 ~ IP : ::1 ----------
REQUEST URI : /opencart-2.0.3.1/upload/admin/index.php?route=sale/order/edit&token=d27b771b665e88478ca5882c07d4ae60&order_id=10
MOD DETAILS:
   modFile   : C:\xampp\htdocs\opencart-2.0.3.1\upload\vqmod/xml/mobsms.xml
   id        : si
   version   : 1.5.1
   vqmver    : 2.X
   author    : TGM

File Name    : system/startup.php(0)
VQModObject::applyMod - SEARCH NOT FOUND (SKIPPED): require_once(DIR_SYSTEM . 'library/template.php');

File Name    : admin/model/sale/order.php(0)
VQModObject::applyMod - SEARCH NOT FOUND (SKIPPED): $language->load('mail/order');

----------------------------------------------------------------------


---------- Date: 2016-04-20 13:29:23 ~ IP : ::1 ----------
REQUEST URI : /opencart-2.0.3.1/upload/admin/index.php?route=sale/order/api&token=d27b771b665e88478ca5882c07d4ae60&api=api/order/edit&store_id=0&order_id=10
MOD DETAILS:
   modFile   : C:\xampp\htdocs\opencart-2.0.3.1\upload\vqmod/xml/mobsms.xml
   id        : si
   version   : 1.5.1
   vqmver    : 2.X
   author    : TGM

File Name    : system/startup.php(0)
VQModObject::applyMod - SEARCH NOT FOUND (SKIPPED): require_once(DIR_SYSTEM . 'library/template.php');

----------------------------------------------------------------------


---------- Date: 2016-04-20 13:30:10 ~ IP : ::1 ----------
REQUEST URI : /opencart-2.0.3.1/upload/admin/index.php?route=extension/module&token=d27b771b665e88478ca5882c07d4ae60
MOD DETAILS:
   modFile   : C:\xampp\htdocs\opencart-2.0.3.1\upload\vqmod/xml/mobsms.xml
   id        : si
   version   : 1.5.1
   vqmver    : 2.X
   author    : TGM

File Name    : admin/model/sale/order.php(0)
VQModObject::applyMod - SEARCH NOT FOUND (SKIPPED): $language->load('mail/order');

----------------------------------------------------------------------


---------- Date: 2016-04-20 13:39:33 ~ IP : ::1 ----------
REQUEST URI : /opencart-2.0.3.1/upload/admin/index.php?route=sale/order/api&token=d27b771b665e88478ca5882c07d4ae60&api=api/order/edit&store_id=0&order_id=11
MOD DETAILS:
   modFile   : C:\xampp\htdocs\opencart-2.0.3.1\upload\vqmod/xml/mobsms.xml
   id        : si
   version   : 1.5.1
   vqmver    : 2.X
   author    : TGM

File Name    : system/startup.php(0)
VQModObject::applyMod - SEARCH NOT FOUND (SKIPPED): require_once(DIR_SYSTEM . 'library/template.php');

----------------------------------------------------------------------


---------- Date: 2016-04-20 13:40:53 ~ IP : ::1 ----------
REQUEST URI : /opencart-2.0.3.1/upload/admin/index.php?route=sale/order/edit&token=d27b771b665e88478ca5882c07d4ae60&order_id=11
MOD DETAILS:
   modFile   : C:\xampp\htdocs\opencart-2.0.3.1\upload\vqmod/xml/mobsms.xml
   id        : si
   version   : 1.5.1
   vqmver    : 2.X
   author    : TGM

File Name    : admin/model/sale/order.php(0)
VQModObject::applyMod - SEARCH NOT FOUND (SKIPPED): $language->load('mail/order');

----------------------------------------------------------------------


---------- Date: 2016-04-20 13:44:31 ~ IP : ::1 ----------
REQUEST URI : /opencart-2.0.3.1/upload/admin/index.php?route=sale/order/edit&token=d27b771b665e88478ca5882c07d4ae60&order_id=11
MOD DETAILS:
   modFile   : C:\xampp\htdocs\opencart-2.0.3.1\upload\vqmod/xml/mobsms.xml
   id        : si
   version   : 1.5.1
   vqmver    : 2.X
   author    : TGM

File Name    : system/startup.php(0)
VQModObject::applyMod - SEARCH NOT FOUND (SKIPPED): require_once(DIR_SYSTEM . 'library/template.php');

File Name    : admin/model/sale/order.php(0)
VQModObject::applyMod - SEARCH NOT FOUND (SKIPPED): $language->load('mail/order');

----------------------------------------------------------------------


---------- Date: 2016-04-20 13:48:50 ~ IP : ::1 ----------
REQUEST URI : /opencart-2.0.3.1/upload/admin/index.php?route=sale/order/edit&token=d27b771b665e88478ca5882c07d4ae60&order_id=11
MOD DETAILS:
   modFile   : C:\xampp\htdocs\opencart-2.0.3.1\upload\vqmod/xml/mobsms.xml
   id        : si
   version   : 1.5.1
   vqmver    : 2.X
   author    : TGM

File Name    : system/startup.php(0)
VQModObject::applyMod - SEARCH NOT FOUND (SKIPPED): require_once(DIR_SYSTEM . 'library/template.php');

File Name    : admin/model/sale/order.php(0)
VQModObject::applyMod - SEARCH NOT FOUND (SKIPPED): $language->load('mail/order');

----------------------------------------------------------------------


---------- Date: 2016-04-20 13:50:30 ~ IP : ::1 ----------
REQUEST URI : /opencart-2.0.3.1/upload/admin/index.php?route=sale/order/api&token=d27b771b665e88478ca5882c07d4ae60&api=api/order/edit&store_id=0&order_id=11
MOD DETAILS:
   modFile   : C:\xampp\htdocs\opencart-2.0.3.1\upload\vqmod/xml/mobsms.xml
   id        : si
   version   : 1.5.1
   vqmver    : 2.X
   author    : TGM

File Name    : system/startup.php(0)
VQModObject::applyMod - SEARCH NOT FOUND (SKIPPED): require_once(DIR_SYSTEM . 'library/template.php');

----------------------------------------------------------------------


---------- Date: 2016-04-20 13:52:49 ~ IP : ::1 ----------
REQUEST URI : /opencart-2.0.3.1/upload/admin/index.php?route=sale/order/api&token=d27b771b665e88478ca5882c07d4ae60&api=api/order/edit&store_id=0&order_id=11
MOD DETAILS:
   modFile   : C:\xampp\htdocs\opencart-2.0.3.1\upload\vqmod/xml/mobsms.xml
   id        : si
   version   : 1.5.1
   vqmver    : 2.X
   author    : TGM

File Name    : system/startup.php(0)
VQModObject::applyMod - SEARCH NOT FOUND (SKIPPED): require_once(DIR_SYSTEM . 'library/template.php');

----------------------------------------------------------------------


---------- Date: 2016-04-20 13:53:48 ~ IP : ::1 ----------
REQUEST URI : /opencart-2.0.3.1/upload/admin/index.php?route=module/mobsms&token=d27b771b665e88478ca5882c07d4ae60
MOD DETAILS:
   modFile   : C:\xampp\htdocs\opencart-2.0.3.1\upload\vqmod/xml/mobsms.xml
   id        : si
   version   : 1.5.1
   vqmver    : 2.X
   author    : TGM

File Name    : admin/model/sale/order.php(0)
VQModObject::applyMod - SEARCH NOT FOUND (SKIPPED): $language->load('mail/order');

----------------------------------------------------------------------


---------- Date: 2016-04-20 13:58:39 ~ IP : ::1 ----------
REQUEST URI : /opencart-2.0.3.1/upload/admin/index.php?route=sale/order/api&token=d27b771b665e88478ca5882c07d4ae60&api=api/order/edit&store_id=0&order_id=11
MOD DETAILS:
   modFile   : C:\xampp\htdocs\opencart-2.0.3.1\upload\vqmod/xml/mobsms.xml
   id        : si
   version   : 1.5.1
   vqmver    : 2.X
   author    : TGM

File Name    : system/startup.php(0)
VQModObject::applyMod - SEARCH NOT FOUND (SKIPPED): require_once(DIR_SYSTEM . 'library/template.php');

----------------------------------------------------------------------


---------- Date: 2016-04-20 14:07:39 ~ IP : ::1 ----------
REQUEST URI : /opencart-2.0.3.1/upload/admin/index.php?route=sale/order/api&token=d27b771b665e88478ca5882c07d4ae60&api=api/order/edit&store_id=0&order_id=11
MOD DETAILS:
   modFile   : C:\xampp\htdocs\opencart-2.0.3.1\upload\vqmod/xml/mobsms.xml
   id        : si
   version   : 1.5.1
   vqmver    : 2.X
   author    : TGM

File Name    : system/startup.php(0)
VQModObject::applyMod - SEARCH NOT FOUND (SKIPPED): require_once(DIR_SYSTEM . 'library/template.php');

----------------------------------------------------------------------


---------- Date: 2016-04-20 14:11:53 ~ IP : ::1 ----------
REQUEST URI : /opencart-2.0.3.1/upload/admin/index.php?route=sale/order/edit&token=d27b771b665e88478ca5882c07d4ae60&order_id=11
MOD DETAILS:
   modFile   : C:\xampp\htdocs\opencart-2.0.3.1\upload\vqmod/xml/mobsms.xml
   id        : si
   version   : 1.5.1
   vqmver    : 2.X
   author    : TGM

File Name    : system/startup.php(0)
VQModObject::applyMod - SEARCH NOT FOUND (SKIPPED): require_once(DIR_SYSTEM . 'library/template.php');

File Name    : admin/model/sale/order.php(0)
VQModObject::applyMod - SEARCH NOT FOUND (SKIPPED): $language->load('mail/order');

----------------------------------------------------------------------


---------- Date: 2016-04-20 14:23:33 ~ IP : ::1 ----------
REQUEST URI : /opencart-2.0.3.1/upload/admin/index.php?route=sale/order/edit&token=d27b771b665e88478ca5882c07d4ae60&order_id=11
MOD DETAILS:
   modFile   : C:\xampp\htdocs\opencart-2.0.3.1\upload\vqmod/xml/mobsms.xml
   id        : si
   version   : 1.5.1
   vqmver    : 2.X
   author    : TGM

File Name    : system/startup.php(0)
VQModObject::applyMod - SEARCH NOT FOUND (SKIPPED): require_once(DIR_SYSTEM . 'library/template.php');

File Name    : admin/model/sale/order.php(0)
VQModObject::applyMod - SEARCH NOT FOUND (SKIPPED): $language->load('mail/order');

----------------------------------------------------------------------


---------- Date: 2016-04-20 14:34:38 ~ IP : ::1 ----------
REQUEST URI : /opencart-2.0.3.1/upload/admin/index.php?route=sale/order/api&token=d27b771b665e88478ca5882c07d4ae60&api=api/order/edit&store_id=0&order_id=11
MOD DETAILS:
   modFile   : C:\xampp\htdocs\opencart-2.0.3.1\upload\vqmod/xml/mobsms.xml
   id        : si
   version   : 1.5.1
   vqmver    : 2.X
   author    : TGM

File Name    : system/startup.php(0)
VQModObject::applyMod - SEARCH NOT FOUND (SKIPPED): require_once(DIR_SYSTEM . 'library/template.php');

----------------------------------------------------------------------


---------- Date: 2016-04-20 14:36:39 ~ IP : ::1 ----------
REQUEST URI : /opencart-2.0.3.1/upload/admin/index.php?route=sale/order/api&token=d27b771b665e88478ca5882c07d4ae60&api=api/order/edit&store_id=0&order_id=11
MOD DETAILS:
   modFile   : C:\xampp\htdocs\opencart-2.0.3.1\upload\vqmod/xml/mobsms.xml
   id        : si
   version   : 1.5.1
   vqmver    : 2.X
   author    : TGM

File Name    : system/startup.php(0)
VQModObject::applyMod - SEARCH NOT FOUND (SKIPPED): require_once(DIR_SYSTEM . 'library/template.php');

----------------------------------------------------------------------


---------- Date: 2016-04-20 14:56:10 ~ IP : ::1 ----------
REQUEST URI : /opencart-2.0.3.1/upload/
MOD DETAILS:
   modFile   : C:\xampp\htdocs\opencart-2.0.3.1\upload\vqmod/xml/mobsms.xml
   id        : si
   version   : 1.5.1
   vqmver    : 2.X
   author    : TGM

File Name    : system/startup.php(0)
VQModObject::applyMod - SEARCH NOT FOUND (SKIPPED): require_once(DIR_SYSTEM . 'library/template.php');

----------------------------------------------------------------------


---------- Date: 2016-04-20 14:58:46 ~ IP : ::1 ----------
REQUEST URI : /opencart-2.0.3.1/upload/admin/index.php?route=sale/order/api&token=d27b771b665e88478ca5882c07d4ae60&api=api/order/edit&store_id=0&order_id=11
MOD DETAILS:
   modFile   : C:\xampp\htdocs\opencart-2.0.3.1\upload\vqmod/xml/mobsms.xml
   id        : si
   version   : 1.5.1
   vqmver    : 2.X
   author    : TGM

File Name    : system/startup.php(0)
VQModObject::applyMod - SEARCH NOT FOUND (SKIPPED): require_once(DIR_SYSTEM . 'library/template.php');

----------------------------------------------------------------------


---------- Date: 2016-04-20 15:00:14 ~ IP : ::1 ----------
REQUEST URI : /opencart-2.0.3.1/upload/admin/index.php?route=sale/order/api&token=d27b771b665e88478ca5882c07d4ae60&api=api/order/edit&store_id=0&order_id=11
MOD DETAILS:
   modFile   : C:\xampp\htdocs\opencart-2.0.3.1\upload\vqmod/xml/mobsms.xml
   id        : si
   version   : 1.5.1
   vqmver    : 2.X
   author    : TGM

File Name    : system/startup.php(0)
VQModObject::applyMod - SEARCH NOT FOUND (SKIPPED): require_once(DIR_SYSTEM . 'library/template.php');

----------------------------------------------------------------------


---------- Date: 2016-04-20 15:02:13 ~ IP : ::1 ----------
REQUEST URI : /opencart-2.0.3.1/upload/admin/index.php?route=sale/order/api&token=d27b771b665e88478ca5882c07d4ae60&api=api/order/edit&store_id=0&order_id=11
MOD DETAILS:
   modFile   : C:\xampp\htdocs\opencart-2.0.3.1\upload\vqmod/xml/mobsms.xml
   id        : si
   version   : 1.5.1
   vqmver    : 2.X
   author    : TGM

File Name    : system/startup.php(0)
VQModObject::applyMod - SEARCH NOT FOUND (SKIPPED): require_once(DIR_SYSTEM . 'library/template.php');

----------------------------------------------------------------------


---------- Date: 2016-04-20 15:02:57 ~ IP : ::1 ----------
REQUEST URI : /opencart-2.0.3.1/upload/admin/index.php?route=sale/order/edit&token=d27b771b665e88478ca5882c07d4ae60&order_id=10
MOD DETAILS:
   modFile   : C:\xampp\htdocs\opencart-2.0.3.1\upload\vqmod/xml/mobsms.xml
   id        : si
   version   : 1.5.1
   vqmver    : 2.X
   author    : TGM

File Name    : admin/model/sale/order.php(0)
VQModObject::applyMod - SEARCH NOT FOUND (SKIPPED): $language->load('mail/order');

----------------------------------------------------------------------


---------- Date: 2016-04-20 15:04:40 ~ IP : ::1 ----------
REQUEST URI : /opencart-2.0.3.1/upload/admin/index.php?route=extension/module&token=d27b771b665e88478ca5882c07d4ae60
MOD DETAILS:
   modFile   : C:\xampp\htdocs\opencart-2.0.3.1\upload\vqmod/xml/mobsms.xml
   id        : si
   version   : 1.5.1
   vqmver    : 2.X
   author    : TGM

File Name    : system/startup.php(0)
VQModObject::applyMod - SEARCH NOT FOUND (SKIPPED): require_once(DIR_SYSTEM . 'library/template.php');

File Name    : admin/model/sale/order.php(0)
VQModObject::applyMod - SEARCH NOT FOUND (SKIPPED): $language->load('mail/order');

----------------------------------------------------------------------


---------- Date: 2016-04-20 15:33:33 ~ IP : ::1 ----------
REQUEST URI : /opencart-2.0.3.1/upload/admin/index.php?route=sale/order/api&token=d27b771b665e88478ca5882c07d4ae60&api=api/order/edit&store_id=0&order_id=13
MOD DETAILS:
   modFile   : C:\xampp\htdocs\opencart-2.0.3.1\upload\vqmod/xml/mobsms.xml
   id        : si
   version   : 1.5.1
   vqmver    : 2.X
   author    : TGM

File Name    : system/startup.php(0)
VQModObject::applyMod - SEARCH NOT FOUND (SKIPPED): require_once(DIR_SYSTEM . 'library/template.php');

----------------------------------------------------------------------


---------- Date: 2016-04-20 15:33:55 ~ IP : ::1 ----------
REQUEST URI : /opencart-2.0.3.1/upload/admin/index.php?route=sale/order/edit&token=d27b771b665e88478ca5882c07d4ae60&order_id=13
MOD DETAILS:
   modFile   : C:\xampp\htdocs\opencart-2.0.3.1\upload\vqmod/xml/mobsms.xml
   id        : si
   version   : 1.5.1
   vqmver    : 2.X
   author    : TGM

File Name    : admin/model/sale/order.php(0)
VQModObject::applyMod - SEARCH NOT FOUND (SKIPPED): $language->load('mail/order');

----------------------------------------------------------------------


