---------- Date: 2015-12-11 18:14:14 ~ IP : 172.16.1.65 ----------
REQUEST URI : /Projectsnew/divya/plugins/opencart-2.0.3.1/upload/admin/index.php?route=module/mobsms&token=cd8cdeba51b54a0ffd737298bb924f5c
MOD DETAILS:
   modFile   : /var/www/html/Projectsnew/divya/plugins/opencart-2.0.3.1/upload/vqmod/xml/mobsms.xml
   id        : si
   version   : 1.5.1
   vqmver    : 2.X
   author    : TGM

File Name    : admin/model/sale/order.php(0)
VQModObject::applyMod - SEARCH NOT FOUND (SKIPPED): $language->load('mail/order');

----------------------------------------------------------------------


-





od - SEARCH NOT FOUND (SKIPPED): $language->load('mail/order');

----------------------------------------------------------------------


-------


---------- Date: 2015-12-11 15:46:12 ~ IP : 172.16.1.71 ----------
REQUEST URI : /divya/plugins/opencart-2.0.3.1/upload/
MOD DETAILS:
   modFile   : /var/www/html/Projectsnew/divya/plugins/opencart-2.0.3.1/upload/vqmod/xml/mobsms.xml
   id        : si
   version   : 1.5.1
   vqmver    : 2.X
   author    : TGM

File Name    : system/startup.php(0)
VQModObject::applyMod - SEARCH NOT FOUND (SKIPPED): include_once(DIR_SYSTEM . 'library/cart.php');

----------------------------------------------------------------------


